<?xml version="1.0" encoding="UTF-8"?>
<testng-results ignored="0" total="1" passed="1" failed="0" skipped="0">
  <reporter-output>
  </reporter-output>
  <suite started-at="2021-04-02T10:05:57 IST" name="Automation Practice Suite" finished-at="2021-04-02T10:06:15 IST" duration-ms="17566">
    <groups>
    </groups>
    <test started-at="2021-04-02T10:05:57 IST" name="Trending Post" finished-at="2021-04-02T10:06:15 IST" duration-ms="17566">
      <class name="com.healthline.testscripts.TrendingPost">
        <test-method is-config="true" signature="beforeMethod(java.lang.String, java.lang.String)[pri:0, instance:com.healthline.testscripts.TrendingPost@7ec7ffd3]" started-at="2021-04-02T10:05:57 IST" name="beforeMethod" finished-at="2021-04-02T10:06:05 IST" duration-ms="7531" status="PASS">
          <params>
            <param index="0">
              <value>
                <![CDATA[chrome]]>
              </value>
            </param>
            <param index="1">
              <value>
                <![CDATA[https://www.healthline.com/]]>
              </value>
            </param>
          </params>
          <reporter-output>
          </reporter-output>
        </test-method> <!-- beforeMethod -->
        <test-method signature="trendingPostFunctionality()[pri:0, instance:com.healthline.testscripts.TrendingPost@7ec7ffd3]" started-at="2021-04-02T10:06:05 IST" name="trendingPostFunctionality" description="trending post functionality" finished-at="2021-04-02T10:06:14 IST" duration-ms="8795" status="PASS">
          <reporter-output>
          </reporter-output>
        </test-method> <!-- trendingPostFunctionality -->
        <test-method is-config="true" signature="afterMethod()[pri:0, instance:com.healthline.testscripts.TrendingPost@7ec7ffd3]" started-at="2021-04-02T10:06:14 IST" name="afterMethod" finished-at="2021-04-02T10:06:15 IST" duration-ms="1184" status="PASS">
          <reporter-output>
          </reporter-output>
        </test-method> <!-- afterMethod -->
      </class> <!-- com.healthline.testscripts.TrendingPost -->
    </test> <!-- Trending Post -->
  </suite> <!-- Automation Practice Suite -->
</testng-results>
