<?xml version="1.0" encoding="UTF-8"?>
<testng-results ignored="0" total="1" passed="1" failed="0" skipped="0">
  <reporter-output>
  </reporter-output>
  <suite started-at="2021-03-31T15:46:55 IST" name="Default suite" finished-at="2021-03-31T15:47:40 IST" duration-ms="44886">
    <groups>
    </groups>
    <test started-at="2021-03-31T15:46:55 IST" name="Default test" finished-at="2021-03-31T15:47:40 IST" duration-ms="44886">
      <class name="com.healthline.testscripts.HealthTopics">
        <test-method is-config="true" signature="beforeMethod()[pri:0, instance:com.healthline.testscripts.HealthTopics@6ac13091]" started-at="2021-03-31T15:46:55 IST" name="beforeMethod" finished-at="2021-03-31T15:47:10 IST" duration-ms="14780" status="PASS">
          <reporter-output>
          </reporter-output>
        </test-method> <!-- beforeMethod -->
        <test-method signature="healthTopics()[pri:0, instance:com.healthline.testscripts.HealthTopics@6ac13091]" started-at="2021-03-31T15:47:10 IST" name="healthTopics" finished-at="2021-03-31T15:47:40 IST" duration-ms="30053" status="PASS">
          <reporter-output>
          </reporter-output>
        </test-method> <!-- healthTopics -->
        <test-method is-config="true" signature="afterMethod()[pri:0, instance:com.healthline.testscripts.HealthTopics@6ac13091]" started-at="2021-03-31T15:47:40 IST" name="afterMethod" finished-at="2021-03-31T15:47:40 IST" duration-ms="1" status="PASS">
          <reporter-output>
          </reporter-output>
        </test-method> <!-- afterMethod -->
      </class> <!-- com.healthline.testscripts.HealthTopics -->
    </test> <!-- Default test -->
  </suite> <!-- Default suite -->
</testng-results>
