<?xml version="1.0" encoding="UTF-8"?>
<testng-results ignored="0" total="1" passed="1" failed="0" skipped="0">
  <reporter-output>
  </reporter-output>
  <suite started-at="2021-04-01T16:50:02 IST" name="Automation Practice Suite" finished-at="2021-04-01T16:50:20 IST" duration-ms="17891">
    <groups>
    </groups>
    <test started-at="2021-04-01T16:50:02 IST" name="EditorsPick" finished-at="2021-04-01T16:50:20 IST" duration-ms="17891">
      <class name="com.healthline.testscripts.EditorsPick">
        <test-method is-config="true" signature="beforeMethod(java.lang.String, java.lang.String)[pri:0, instance:com.healthline.testscripts.EditorsPick@dd8ba08]" started-at="2021-04-01T16:50:02 IST" name="beforeMethod" finished-at="2021-04-01T16:50:09 IST" duration-ms="6784" status="PASS">
          <params>
            <param index="0">
              <value>
                <![CDATA[chrome]]>
              </value>
            </param>
            <param index="1">
              <value>
                <![CDATA[https://www.healthline.com/]]>
              </value>
            </param>
          </params>
          <reporter-output>
          </reporter-output>
        </test-method> <!-- beforeMethod -->
        <test-method signature="editorsPickWork()[pri:0, instance:com.healthline.testscripts.EditorsPick@dd8ba08]" started-at="2021-04-01T16:50:09 IST" name="editorsPickWork" description="To verify editor&#039;s pick functionality" finished-at="2021-04-01T16:50:20 IST" duration-ms="11053" status="PASS">
          <reporter-output>
          </reporter-output>
        </test-method> <!-- editorsPickWork -->
        <test-method is-config="true" signature="afterMethod()[pri:0, instance:com.healthline.testscripts.EditorsPick@dd8ba08]" started-at="2021-04-01T16:50:20 IST" name="afterMethod" finished-at="2021-04-01T16:50:20 IST" duration-ms="0" status="PASS">
          <reporter-output>
          </reporter-output>
        </test-method> <!-- afterMethod -->
      </class> <!-- com.healthline.testscripts.EditorsPick -->
    </test> <!-- EditorsPick -->
  </suite> <!-- Automation Practice Suite -->
</testng-results>
