<?xml version="1.0" encoding="UTF-8"?>
<testng-results ignored="0" total="2" passed="2" failed="0" skipped="0">
  <reporter-output>
  </reporter-output>
  <suite started-at="2021-03-30T18:56:28 IST" name="Suite" finished-at="2021-03-30T18:56:57 IST" duration-ms="28499">
    <groups>
    </groups>
    <test started-at="2021-03-30T18:56:28 IST" name="SignUp" finished-at="2021-03-30T18:56:57 IST" duration-ms="28499">
      <class name="com.automation.testscripts.SignUp">
        <test-method is-config="true" signature="beforeMethod(java.lang.String)[pri:0, instance:com.automation.testscripts.SignUp@564fabc8]" started-at="2021-03-30T18:56:28 IST" name="beforeMethod" finished-at="2021-03-30T18:56:41 IST" duration-ms="12569" status="PASS">
          <params>
            <param index="0">
              <value>
                <![CDATA[chrome]]>
              </value>
            </param>
          </params>
          <reporter-output>
          </reporter-output>
        </test-method> <!-- beforeMethod -->
        <test-method signature="invalidSignUp(java.lang.String)[pri:1, instance:com.automation.testscripts.SignUp@564fabc8]" started-at="2021-03-30T18:56:41 IST" name="invalidSignUp" data-provider="invalidEmail" finished-at="2021-03-30T18:56:46 IST" duration-ms="4654" status="PASS">
          <params>
            <param index="0">
              <value>
                <![CDATA[test1510.com]]>
              </value>
            </param>
          </params>
          <reporter-output>
          </reporter-output>
        </test-method> <!-- invalidSignUp -->
        <test-method is-config="true" signature="beforeMethod(java.lang.String)[pri:0, instance:com.automation.testscripts.SignUp@564fabc8]" started-at="2021-03-30T18:56:46 IST" name="beforeMethod" finished-at="2021-03-30T18:56:53 IST" duration-ms="7328" status="PASS">
          <params>
            <param index="0">
              <value>
                <![CDATA[chrome]]>
              </value>
            </param>
          </params>
          <reporter-output>
          </reporter-output>
        </test-method> <!-- beforeMethod -->
        <test-method signature="emailIdExits(java.lang.String)[pri:2, instance:com.automation.testscripts.SignUp@564fabc8]" started-at="2021-03-30T18:56:53 IST" name="emailIdExits" data-provider="emailIdExists" finished-at="2021-03-30T18:56:57 IST" duration-ms="3879" status="PASS">
          <params>
            <param index="0">
              <value>
                <![CDATA[test1605@gmail.com]]>
              </value>
            </param>
          </params>
          <reporter-output>
          </reporter-output>
        </test-method> <!-- emailIdExits -->
      </class> <!-- com.automation.testscripts.SignUp -->
    </test> <!-- SignUp -->
  </suite> <!-- Suite -->
</testng-results>
