<?xml version="1.0" encoding="UTF-8"?>
<testng-results ignored="0" total="1" passed="1" failed="0" skipped="0">
  <reporter-output>
  </reporter-output>
  <suite started-at="2021-04-01T19:21:45 IST" name="Automation Practice Suite" finished-at="2021-04-01T19:21:53 IST" duration-ms="8019">
    <groups>
    </groups>
    <test started-at="2021-04-01T19:21:45 IST" name="Subscribe" finished-at="2021-04-01T19:21:53 IST" duration-ms="8019">
      <class name="com.healthline.testscripts.Subscribe">
        <test-method is-config="true" signature="beforeMethod(java.lang.String, java.lang.String)[pri:0, instance:com.healthline.testscripts.Subscribe@6ae5aa72]" started-at="2021-04-01T19:21:45 IST" name="beforeMethod" finished-at="2021-04-01T19:21:52 IST" duration-ms="6706" status="PASS">
          <params>
            <param index="0">
              <value>
                <![CDATA[chrome]]>
              </value>
            </param>
            <param index="1">
              <value>
                <![CDATA[https://www.healthline.com/]]>
              </value>
            </param>
          </params>
          <reporter-output>
          </reporter-output>
        </test-method> <!-- beforeMethod -->
        <test-method signature="subscribeFunctionality()[pri:0, instance:com.healthline.testscripts.Subscribe@6ae5aa72]" started-at="2021-04-01T19:21:52 IST" name="subscribeFunctionality" finished-at="2021-04-01T19:21:53 IST" duration-ms="1250" status="PASS">
          <reporter-output>
          </reporter-output>
        </test-method> <!-- subscribeFunctionality -->
        <test-method is-config="true" signature="afterMethod()[pri:0, instance:com.healthline.testscripts.Subscribe@6ae5aa72]" started-at="2021-04-01T19:21:53 IST" name="afterMethod" finished-at="2021-04-01T19:21:53 IST" duration-ms="1" status="PASS">
          <reporter-output>
          </reporter-output>
        </test-method> <!-- afterMethod -->
      </class> <!-- com.healthline.testscripts.Subscribe -->
    </test> <!-- Subscribe -->
  </suite> <!-- Automation Practice Suite -->
</testng-results>
