<?xml version="1.0" encoding="UTF-8"?>
<testng-results ignored="0" total="1" passed="1" failed="0" skipped="0">
  <reporter-output>
    <line>
      <![CDATA[<b>Starting browser : chrome</b> <br />]]>
    </line>
  </reporter-output>
  <suite started-at="2021-04-07T15:17:05 IST" name="Healthline Test" finished-at="2021-04-07T15:17:38 IST" duration-ms="33351">
    <groups>
    </groups>
    <test started-at="2021-04-07T15:17:05 IST" name="FeaturedTopics" finished-at="2021-04-07T15:17:38 IST" duration-ms="33351">
      <class name="com.healthline.testscripts.FeaturedTopics">
        <test-method is-config="true" signature="beforeMethod(java.lang.String, java.lang.String)[pri:0, instance:com.healthline.testscripts.FeaturedTopics@74fe5c40]" started-at="2021-04-07T15:17:05 IST" name="beforeMethod" finished-at="2021-04-07T15:17:13 IST" duration-ms="8511" status="PASS">
          <params>
            <param index="0">
              <value>
                <![CDATA[chrome]]>
              </value>
            </param>
            <param index="1">
              <value>
                <![CDATA[https://www.healthline.com/]]>
              </value>
            </param>
          </params>
          <reporter-output>
            <line>
              <![CDATA[<b>Starting browser : chrome</b> <br />]]>
            </line>
          </reporter-output>
        </test-method> <!-- beforeMethod -->
        <test-method signature="featuredTopicsWork()[pri:0, instance:com.healthline.testscripts.FeaturedTopics@74fe5c40]" started-at="2021-04-07T15:17:13 IST" name="featuredTopicsWork" description="To verify the featured topics functionality." finished-at="2021-04-07T15:17:37 IST" duration-ms="23892" status="PASS">
          <reporter-output>
          </reporter-output>
        </test-method> <!-- featuredTopicsWork -->
        <test-method is-config="true" signature="afterMethod()[pri:0, instance:com.healthline.testscripts.FeaturedTopics@74fe5c40]" started-at="2021-04-07T15:17:37 IST" name="afterMethod" finished-at="2021-04-07T15:17:38 IST" duration-ms="894" status="PASS">
          <reporter-output>
          </reporter-output>
        </test-method> <!-- afterMethod -->
      </class> <!-- com.healthline.testscripts.FeaturedTopics -->
    </test> <!-- FeaturedTopics -->
  </suite> <!-- Healthline Test -->
</testng-results>
