<?xml version="1.0" encoding="UTF-8"?>
<!-- Generated by org.testng.reporters.JUnitXMLReporter -->
<testsuite ignored="0" hostname="DSK-541" failures="1" tests="1" name="CategoriesTestCase" time="10.112" errors="0" timestamp="2021-03-31T13:23:16 IST">
  <testcase classname="com.automation.testscripts.Categories" name="categoriesWomenCheck" time="10.004">
    <failure type="java.lang.NullPointerException" message="Cannot invoke &amp;quot;org.openqa.selenium.SearchContext.findElement(org.openqa.selenium.By)&amp;quot; because &amp;quot;this.searchContext&amp;quot; is null">
      <![CDATA[java.lang.NullPointerException: Cannot invoke "org.openqa.selenium.SearchContext.findElement(org.openqa.selenium.By)" because "this.searchContext" is null
at org.openqa.selenium.support.pagefactory.DefaultElementLocator.findElement(DefaultElementLocator.java:69)
at org.openqa.selenium.support.pagefactory.internal.LocatingElementHandler.invoke(LocatingElementHandler.java:38)
at com.sun.proxy.$Proxy13.click(Unknown Source)
at com.automation.locators.CategoriesLocator.womenCategoryClicks(CategoriesLocator.java:37)
at com.automation.testscripts.Categories.categoriesWomenCheck(Categories.java:32)
at java.base/java.util.ArrayList.forEach(ArrayList.java:1511)
... Removed 27 stack frames]]>
    </failure>
  </testcase> <!-- categoriesWomenCheck -->
</testsuite> <!-- CategoriesTestCase -->
