<?xml version="1.0" encoding="UTF-8"?>
<!-- Generated by org.testng.reporters.JUnitXMLReporter -->
<testsuite ignored="0" hostname="DSK-323" failures="0" tests="3" name="HealthTopics" time="7.994" errors="0" timestamp="2021-04-05T16:41:50 IST">
  <testcase classname="com.healthline.testscripts.HealthTopics" name="@BeforeMethod beforeMethod" time="7.877">
    <failure type="org.openqa.selenium.WebDriverException" message="unknown error: cannot determine loading status
from disconnected: Unable to receive message from renderer
  (Session info: chrome=89.0.4389.114)
Build info: version: &amp;apos;3.141.59&amp;apos;, revision: &amp;apos;e82be7d358&amp;apos;, time: &amp;apos;2018-11-14T08:17:03&amp;apos;
System info: host: &amp;apos;DSK-323&amp;apos;, ip: &amp;apos;10.0.1.64&amp;apos;, os.name: &amp;apos;Windows 10&amp;apos;, os.arch: &amp;apos;amd64&amp;apos;, os.version: &amp;apos;10.0&amp;apos;, java.version: &amp;apos;16&amp;apos;
Driver info: org.openqa.selenium.chrome.ChromeDriver
Capabilities {acceptInsecureCerts: false, browserName: chrome, browserVersion: 89.0.4389.114, chrome: {chromedriverVersion: 88.0.4324.96 (68dba2d8a0b14..., userDataDir: C:\Users\VANSHI~1.JOU\AppDa...}, goog:chromeOptions: {debuggerAddress: localhost:60520}, javascriptEnabled: true, networkConnectionEnabled: false, pageLoadStrategy: normal, platform: WINDOWS, platformName: WINDOWS, proxy: Proxy(), setWindowRect: true, strictFileInteractability: false, timeouts: {implicit: 0, pageLoad: 300000, script: 30000}, unhandledPromptBehavior: dismiss and notify, webauthn:extension:largeBlob: true, webauthn:virtualAuthenticators: true}
Session ID: 2494bd868484ec9fc6c167d0c271f58b">
      <![CDATA[org.openqa.selenium.WebDriverException: unknown error: cannot determine loading status
from disconnected: Unable to receive message from renderer
  (Session info: chrome=89.0.4389.114)
Build info: version: '3.141.59', revision: 'e82be7d358', time: '2018-11-14T08:17:03'
System info: host: 'DSK-323', ip: '10.0.1.64', os.name: 'Windows 10', os.arch: 'amd64', os.version: '10.0', java.version: '16'
Driver info: org.openqa.selenium.chrome.ChromeDriver
Capabilities {acceptInsecureCerts: false, browserName: chrome, browserVersion: 89.0.4389.114, chrome: {chromedriverVersion: 88.0.4324.96 (68dba2d8a0b14..., userDataDir: C:\Users\VANSHI~1.JOU\AppDa...}, goog:chromeOptions: {debuggerAddress: localhost:60520}, javascriptEnabled: true, networkConnectionEnabled: false, pageLoadStrategy: normal, platform: WINDOWS, platformName: WINDOWS, proxy: Proxy(), setWindowRect: true, strictFileInteractability: false, timeouts: {implicit: 0, pageLoad: 300000, script: 30000}, unhandledPromptBehavior: dismiss and notify, webauthn:extension:largeBlob: true, webauthn:virtualAuthenticators: true}
Session ID: 2494bd868484ec9fc6c167d0c271f58b
at org.openqa.selenium.remote.http.W3CHttpResponseCodec.createException(W3CHttpResponseCodec.java:187)
at org.openqa.selenium.remote.http.W3CHttpResponseCodec.decode(W3CHttpResponseCodec.java:122)
at org.openqa.selenium.remote.http.W3CHttpResponseCodec.decode(W3CHttpResponseCodec.java:49)
at org.openqa.selenium.remote.HttpCommandExecutor.execute(HttpCommandExecutor.java:158)
at org.openqa.selenium.remote.service.DriverCommandExecutor.execute(DriverCommandExecutor.java:83)
at org.openqa.selenium.remote.RemoteWebDriver.execute(RemoteWebDriver.java:552)
at org.openqa.selenium.remote.RemoteWebDriver.get(RemoteWebDriver.java:277)
at utils.SetupEnvironment.driverReturn(SetupEnvironment.java:28)
at com.healthline.testscripts.HealthTopics.beforeMethod(HealthTopics.java:39)
at java.base/java.util.ArrayList.forEach(ArrayList.java:1511)
... Removed 36 stack frames]]>
    </failure>
  </testcase> <!-- @BeforeMethod beforeMethod -->
  <testcase classname="com.healthline.testscripts.HealthTopics" name="@AfterMethod afterMethod" time="-1.617621110108E9">
    <skipped/>
  </testcase> <!-- @AfterMethod afterMethod -->
  <testcase classname="com.healthline.testscripts.HealthTopics" name="@BeforeMethod beforeMethod" time="-1.617621110112E9">
    <skipped/>
  </testcase> <!-- @BeforeMethod beforeMethod -->
  <testcase classname="com.healthline.testscripts.HealthTopics" name="@AfterMethod afterMethod" time="-1.617621110121E9">
    <skipped/>
  </testcase> <!-- @AfterMethod afterMethod -->
  <testcase classname="com.healthline.testscripts.HealthTopics" name="@BeforeMethod beforeMethod" time="-1.617621110129E9">
    <skipped/>
  </testcase> <!-- @BeforeMethod beforeMethod -->
  <testcase classname="com.healthline.testscripts.HealthTopics" name="@AfterMethod afterMethod" time="-1.617621110138E9">
    <skipped/>
  </testcase> <!-- @AfterMethod afterMethod -->
  <testcase classname="com.healthline.testscripts.HealthTopics" name="healthTopicsWithInValidEmail" time="0.0">
    <skipped/>
  </testcase> <!-- healthTopicsWithInValidEmail -->
  <testcase classname="com.healthline.testscripts.HealthTopics" name="healthTopicsWithInValidEmail" time="0.0">
    <skipped/>
  </testcase> <!-- healthTopicsWithInValidEmail -->
  <testcase classname="com.healthline.testscripts.HealthTopics" name="healthTopicsWithValidEmail" time="0.0">
    <skipped/>
  </testcase> <!-- healthTopicsWithValidEmail -->
</testsuite> <!-- HealthTopics -->
