<?xml version="1.0" encoding="UTF-8"?>
<!-- Generated by org.testng.reporters.JUnitXMLReporter -->
<testsuite ignored="0" hostname="DSK-323" failures="1" tests="1" name="Latest Stories" time="13.401" errors="0" timestamp="2021-04-01T19:00:17 IST">
  <testcase classname="com.healthline.testscripts.LatestStories" name="f" time="2.36">
    <failure type="java.lang.NullPointerException" message="Cannot invoke &amp;quot;org.openqa.selenium.WebDriver.navigate()&amp;quot; because &amp;quot;this.driver&amp;quot; is null">
      <![CDATA[java.lang.NullPointerException: Cannot invoke "org.openqa.selenium.WebDriver.navigate()" because "this.driver" is null
at com.page.object.model.LatestStoriesPOM.workingOfLatestStories(LatestStoriesPOM.java:19)
at com.healthline.testscripts.LatestStories.f(LatestStories.java:32)
at java.base/java.util.ArrayList.forEach(ArrayList.java:1511)
... Removed 27 stack frames]]>
    </failure>
  </testcase> <!-- f -->
</testsuite> <!-- Latest Stories -->
