<?xml version="1.0" encoding="UTF-8"?>
<!-- Generated by org.testng.reporters.JUnitXMLReporter -->
<testsuite ignored="0" hostname="DSK-323" failures="0" tests="3" name="NewsLetter" time="45.015" errors="0" timestamp="2021-03-31T18:30:52 IST">
  <testcase classname="com.automation.testscripts.NewsLetter" name="inValidEmailNewsLetter" time="3.975"/>
  <testcase classname="com.automation.testscripts.NewsLetter" name="inValidEmailNewsLetter" time="4.051"/>
  <testcase classname="com.automation.testscripts.NewsLetter" name="registeredNewsLetter" time="3.136"/>
</testsuite> <!-- NewsLetter -->
