<?xml version="1.0" encoding="UTF-8"?>
<!-- Generated by org.testng.reporters.JUnitXMLReporter -->
<testsuite ignored="0" hostname="DSK-658" failures="0" tests="3" name="SignUp" time="69.893" errors="0" timestamp="2021-03-31T12:17:18 IST">
  <testcase classname="com.automation.testscripts.SignUp" name="invalidSignUp" time="4.909"/>
  <testcase classname="com.automation.testscripts.SignUp" name="emailIdExits" time="9.465"/>
  <testcase classname="com.automation.testscripts.SignUp" name="validSignUp" time="10.872"/>
</testsuite> <!-- SignUp -->
