<?xml version="1.0" encoding="UTF-8"?>
<!-- Generated by org.testng.reporters.JUnitXMLReporter -->
<testsuite ignored="0" hostname="DSK-323" failures="0" tests="2" name="Subscribe" time="30.052" errors="0" timestamp="2021-04-06T10:55:04 IST">
  <testcase classname="com.healthline.testscripts.Subscribe" name="subscribeFunctionalityWithValidEmail" time="6.954"/>
  <testcase classname="com.healthline.testscripts.Subscribe" name="subscribeFunctionalityWithInvalidEmail" time="2.414"/>
</testsuite> <!-- Subscribe -->
