<?xml version="1.0" encoding="UTF-8"?>
<!-- Generated by org.testng.reporters.JUnitXMLReporter -->
<testsuite ignored="0" hostname="DSK-323" failures="1" tests="1" name="Subscribe" time="10.489" errors="0" timestamp="2021-04-01T14:28:56 IST">
  <testcase classname="com.healthline.testscripts.Subscribe" name="subscribeFunctionality" time="3.399">
    <failure type="java.lang.NullPointerException" message="Cannot invoke &amp;quot;org.openqa.selenium.WebDriver.getWindowHandles()&amp;quot; because &amp;quot;this.driver&amp;quot; is null">
      <![CDATA[java.lang.NullPointerException: Cannot invoke "org.openqa.selenium.WebDriver.getWindowHandles()" because "this.driver" is null
at com.healthline.locators.SubscribeLocators.workingOfSubscriber(SubscribeLocators.java:41)
at com.healthline.testscripts.Subscribe.subscribeFunctionality(Subscribe.java:28)
at java.base/java.util.ArrayList.forEach(ArrayList.java:1511)
... Removed 27 stack frames]]>
    </failure>
  </testcase> <!-- subscribeFunctionality -->
</testsuite> <!-- Subscribe -->
