<?xml version="1.0" encoding="UTF-8"?>
<!-- Generated by org.testng.reporters.JUnitXMLReporter -->
<testsuite ignored="0" hostname="DSK-323" failures="0" tests="3" name="SignIn" time="42.554" errors="0" timestamp="2021-03-31T10:28:34 IST">
  <testcase classname="com.automation.testscripts.SignIn" name="invalidSignIn" time="4.442"/>
  <testcase classname="com.automation.testscripts.SignIn" name="invalidSignIn" time="5.441"/>
  <testcase classname="com.automation.testscripts.SignIn" name="validSignIn" time="5.655"/>
</testsuite> <!-- SignIn -->
